[2026-04-17 ø¿»ƒ 6:33:16] vbs start
[2026-04-17 ø¿»ƒ 6:33:16] script=C:\Users\KOSMO\Desktop\projectx1\tools\launch_projectx1_gui.ps1
[2026-04-17 ø¿»ƒ 6:33:16] powershell=C:\WINDOWS\System32\WindowsPowerShell\v1.0\powershell.exe
[2026-04-17 ø¿»ƒ 6:36:03] vbs start
[2026-04-17 ø¿»ƒ 6:36:03] script=C:\Users\KOSMO\Desktop\projectx1\tools\launch_projectx1_gui.ps1
[2026-04-17 ø¿»ƒ 6:36:03] powershell=C:\WINDOWS\System32\WindowsPowerShell\v1.0\powershell.exe
[2026-04-20 ø¿¿¸ 9:27:54] vbs start
[2026-04-20 ø¿¿¸ 9:27:54] script=C:\Users\KOSMO\Desktop\projectx1\tools\launch_projectx1_gui.ps1
[2026-04-20 ø¿¿¸ 9:27:54] powershell=C:\WINDOWS\System32\WindowsPowerShell\v1.0\powershell.exe
[2026-04-20 ø¿¿¸ 9:32:48] vbs start
[2026-04-20 ø¿¿¸ 9:32:48] script=C:\Users\KOSMO\Desktop\projectx1\tools\launch_projectx1_gui.ps1
[2026-04-20 ø¿¿¸ 9:32:48] powershell=C:\WINDOWS\System32\WindowsPowerShell\v1.0\powershell.exe
[2026-04-20 ø¿¿¸ 9:34:32] vbs start
[2026-04-20 ø¿¿¸ 9:34:32] script=C:\Users\KOSMO\Desktop\projectx1\tools\launch_projectx1_gui.ps1
[2026-04-20 ø¿¿¸ 9:34:32] powershell=C:\WINDOWS\System32\WindowsPowerShell\v1.0\powershell.exe
[2026-04-20 ø¿¿¸ 11:13:20] vbs start
[2026-04-20 ø¿¿¸ 11:13:20] script=C:\Users\KOSMO\Desktop\projectx1\tools\launch_projectx1_gui.ps1
[2026-04-20 ø¿¿¸ 11:13:20] powershell=C:\WINDOWS\System32\WindowsPowerShell\v1.0\powershell.exe
[2026-04-20 ø¿¿¸ 11:41:43] vbs start
[2026-04-20 ø¿¿¸ 11:41:43] script=C:\Users\KOSMO\Desktop\projectx1\tools\launch_projectx1_gui.ps1
[2026-04-20 ø¿¿¸ 11:41:43] powershell=C:\WINDOWS\System32\WindowsPowerShell\v1.0\powershell.exe
[2026-04-21 ø¿¿¸ 11:31:24] vbs start
[2026-04-21 ø¿¿¸ 11:31:24] script=C:\Users\KOSMO\Desktop\projectx1\tools\launch_projectx1_gui.ps1
[2026-04-21 ø¿¿¸ 11:31:24] powershell=C:\WINDOWS\System32\WindowsPowerShell\v1.0\powershell.exe
[2026-04-21 ø¿»ƒ 12:36:31] vbs start
[2026-04-21 ø¿»ƒ 12:36:31] script=C:\Users\KOSMO\Desktop\projectx1\tools\launch_projectx1_gui.ps1
[2026-04-21 ø¿»ƒ 12:36:31] powershell=C:\WINDOWS\System32\WindowsPowerShell\v1.0\powershell.exe
[2026-04-21 ø¿»ƒ 3:59:51] vbs start
[2026-04-21 ø¿»ƒ 3:59:51] script=C:\Users\KOSMO\Desktop\NEXTDEBUT\tools\launch_nextdebut_gui.ps1
[2026-04-21 ø¿»ƒ 3:59:51] powershell=C:\WINDOWS\System32\WindowsPowerShell\v1.0\powershell.exe
[2026-04-21 ø¿»ƒ 5:36:40] vbs start
[2026-04-21 ø¿»ƒ 5:36:40] script=C:\Users\KOSMO\Desktop\NEXTDEBUT\tools\launch_nextdebut_gui.ps1
[2026-04-21 ø¿»ƒ 5:36:40] powershell=C:\WINDOWS\System32\WindowsPowerShell\v1.0\powershell.exe
[2026-04-21 ø¿»ƒ 5:50:19] vbs start
[2026-04-21 ø¿»ƒ 5:50:19] script=C:\Users\KOSMO\Desktop\NEXTDEBUT\tools\launch_nextdebut_gui.ps1
[2026-04-21 ø¿»ƒ 5:50:19] powershell=C:\WINDOWS\System32\WindowsPowerShell\v1.0\powershell.exe
[2026-04-21 ø¿»ƒ 6:18:41] vbs start
[2026-04-21 ø¿»ƒ 6:18:41] script=C:\Users\KOSMO\Desktop\NEXTDEBUT\tools\launch_nextdebut_gui.ps1
[2026-04-21 ø¿»ƒ 6:18:41] powershell=C:\WINDOWS\System32\WindowsPowerShell\v1.0\powershell.exe
[2026-04-21 ø¿»ƒ 6:24:30] vbs start
[2026-04-21 ø¿»ƒ 6:24:30] script=C:\Users\KOSMO\Desktop\NEXTDEBUT\tools\launch_nextdebut_gui.ps1
[2026-04-21 ø¿»ƒ 6:24:30] powershell=C:\WINDOWS\System32\WindowsPowerShell\v1.0\powershell.exe
[2026-04-21 ø¿»ƒ 6:26:30] vbs start
[2026-04-21 ø¿»ƒ 6:26:30] script=C:\Users\KOSMO\Desktop\NEXTDEBUT\tools\launch_nextdebut_gui.ps1
[2026-04-21 ø¿»ƒ 6:26:30] powershell=C:\WINDOWS\System32\WindowsPowerShell\v1.0\powershell.exe
[2026-04-22 ø¿¿¸ 9:41:53] vbs start
[2026-04-22 ø¿¿¸ 9:41:53] script=C:\Users\KOSMO\Desktop\NEXTDEBUT\tools\launch_nextdebut_gui.ps1
[2026-04-22 ø¿¿¸ 9:41:53] powershell=C:\WINDOWS\System32\WindowsPowerShell\v1.0\powershell.exe
